<?xml version="1.0" encoding="UTF-8" ?>
<testsuite failures="0" time="0.006" errors="0" skipped="0" tests="0" name="org.docear.addons.test.TestAddonController">
  <properties>
    <property name="java.runtime.name" value="Java(TM) SE Runtime Environment"/>
    <property name="sun.boot.library.path" value="C:\glassfish3\jdk\jre\bin"/>
    <property name="java.vm.version" value="20.0-b11"/>
    <property name="java.vm.vendor" value="Sun Microsystems Inc."/>
    <property name="java.vendor.url" value="http://java.sun.com/"/>
    <property name="path.separator" value=";"/>
    <property name="guice.disable.misplaced.annotation.check" value="true"/>
    <property name="java.vm.name" value="Java HotSpot(TM) 64-Bit Server VM"/>
    <property name="file.encoding.pkg" value="sun.io"/>
    <property name="user.country" value="DE"/>
    <property name="sun.java.launcher" value="SUN_STANDARD"/>
    <property name="sun.os.patch.level" value="Service Pack 1"/>
    <property name="java.vm.specification.name" value="Java Virtual Machine Specification"/>
    <property name="user.dir" value="C:\Users\Anwender\Documents\GitHub\Highlights-Importer"/>
    <property name="java.runtime.version" value="1.6.0_25-b06"/>
    <property name="java.awt.graphicsenv" value="sun.awt.Win32GraphicsEnvironment"/>
    <property name="java.endorsed.dirs" value="C:\glassfish3\jdk\jre\lib\endorsed"/>
    <property name="os.arch" value="amd64"/>
    <property name="java.io.tmpdir" value="C:\Users\Anwender\AppData\Local\Temp\"/>
    <property name="line.separator" value="
"/>
    <property name="java.vm.specification.vendor" value="Sun Microsystems Inc."/>
    <property name="user.variant" value=""/>
    <property name="os.name" value="Windows 7"/>
    <property name="classworlds.conf" value="C:\Users\Anwender\Documents\Docear Workspace\.metadata\.plugins\org.eclipse.m2e.launching\launches\m2conf3525976779816181906.tmp"/>
    <property name="sun.jnu.encoding" value="Cp1252"/>
    <property name="java.library.path" value="C:\glassfish3\jdk\bin;.;C:\Windows\Sun\Java\bin;C:\Windows\system32;C:\Windows;C:\glassfish3\jdk\jre\bin;C:/Program Files (x86)/Java/jdk1.8.0_45/bin/../jre/bin/client;C:/Program Files (x86)/Java/jdk1.8.0_45/bin/../jre/bin;C:/Program Files (x86)/Java/jdk1.8.0_45/bin/../jre/lib/i386;C:\Users\Anwender\AppData\Local\Google\Chrome\Application;C:\ProgramData\Oracle\Java\javapath;C:\Ruby193\bin;C:\sencha\SenchaSDKTools-2.0.0-beta3;C:\Windows\System32\Wbem;C:\Program Files\Java\jre7;C:\Program Files (x86)\Git\cmd;C:\Program Files (x86)\Java\jre7\bin;C:\strawberry\c\bin;C:\strawberry\perl\site\bin;C:\strawberry\perl\bin;C:\Program Files\Microsoft SQL Server\110\Tools\Binn\;C:\Program Files\MATLAB\R2013b\runtime\win64;C:\Program Files\MATLAB\R2013b\bin;C:\Program Files (x86)\MySQL\MySQL Utilities 1.3.6\;C:\Windows\System32;$(OPENCV_DIR)\bin;C:\HaxeToolkit\haxe\;C:\HaxeToolkit\neko;C:\Program Files (x86)\SSH Communications Security\SSH Secure Shell;C:\Program Files (x86)\Java\jdk1.8.0_45\bin;C:\Program Files (x86)\NSIS;C:\MinGW\bin;C:\adb;C:\Program Files (x86)\Skype\Phone\;C:\Program Files (x86)\MiKTeX 2.9\miktex\bin\;C:\Program Files\nodejs\;C:\Windows\system32;C:\Windows;C:\Windows\System32\Wbem;C:\Windows\System32\WindowsPowerShell\v1.0\;C:\Program Files (x86)\Windows Kits\8.1\Windows Performance Toolkit\;C:\Program Files (x86)\Microsoft SDKs\TypeScript\1.0\;C:\Program Files\Microsoft SQL Server\120\Tools\Binn\;C:\Program Files (x86)\SSH Communications Security\SSH Secure Shell;C:\Program Files (x86)\Java\jdk1.8.0_45\bin;C:\Program Files (x86)\NSIS;C:\MinGW\bin;C:\Users\Anwender\AppData\Roaming\npm;C:\Users\Anwender\Documents\Eclipse;"/>
    <property name="java.specification.name" value="Java Platform API Specification"/>
    <property name="java.class.version" value="50.0"/>
    <property name="sun.management.compiler" value="HotSpot 64-Bit Tiered Compilers"/>
    <property name="os.version" value="6.1"/>
    <property name="user.home" value="C:\Users\Anwender"/>
    <property name="user.timezone" value="Europe/Berlin"/>
    <property name="java.awt.printerjob" value="sun.awt.windows.WPrinterJob"/>
    <property name="file.encoding" value="UTF-8"/>
    <property name="java.specification.version" value="1.6"/>
    <property name="user.name" value="Anwender"/>
    <property name="java.class.path" value="/C:/Users/Anwender/Documents/Eclipse/configuration/org.eclipse.osgi/bundles/531/1/.cp/jars/plexus-classworlds-2.4.jar"/>
    <property name="java.vm.specification.version" value="1.0"/>
    <property name="sun.arch.data.model" value="64"/>
    <property name="java.home" value="C:\glassfish3\jdk\jre"/>
    <property name="sun.java.command" value="org.codehaus.plexus.classworlds.launcher.Launcher -B install"/>
    <property name="java.specification.vendor" value="Sun Microsystems Inc."/>
    <property name="user.language" value="de"/>
    <property name="awt.toolkit" value="sun.awt.windows.WToolkit"/>
    <property name="java.vm.info" value="mixed mode"/>
    <property name="java.version" value="1.6.0_25"/>
    <property name="java.ext.dirs" value="C:\glassfish3\jdk\jre\lib\ext;C:\Windows\Sun\Java\lib\ext"/>
    <property name="sun.boot.class.path" value="C:\glassfish3\jdk\jre\lib\resources.jar;C:\glassfish3\jdk\jre\lib\rt.jar;C:\glassfish3\jdk\jre\lib\sunrsasign.jar;C:\glassfish3\jdk\jre\lib\jsse.jar;C:\glassfish3\jdk\jre\lib\jce.jar;C:\glassfish3\jdk\jre\lib\charsets.jar;C:\glassfish3\jdk\jre\lib\modules\jdk.boot.jar;C:\glassfish3\jdk\jre\classes"/>
    <property name="java.vendor" value="Sun Microsystems Inc."/>
    <property name="maven.home" value="C:\Users\Anwender\Documents\GitHub\Highlights-Importer\EMBEDDED"/>
    <property name="file.separator" value="\"/>
    <property name="java.vendor.url.bug" value="http://java.sun.com/cgi-bin/bugreport.cgi"/>
    <property name="maven.bootclasspath" value="/C:/Users/Anwender/Documents/Eclipse/configuration/org.eclipse.osgi/bundles/531/1/.cp/jars/plexus-classworlds-2.4.jar"/>
    <property name="sun.cpu.endian" value="little"/>
    <property name="sun.io.unicode.encoding" value="UnicodeLittle"/>
    <property name="sun.desktop" value="windows"/>
    <property name="sun.cpu.isalist" value="amd64"/>
  </properties>
</testsuite>